Requesting from server running in: https://mysterious-waters-69770.herokuapp.com/sdelab

Request #1: GET /person Accept: APPLICATION/JSON Content-type: APPLICATION/JSON
=> Result: OK
=> HTTP Status: 200
[ {
  "idPerson" : 1,
  "firstname" : "Goodlucky",
  "lastname" : "Nicolai",
  "birthdate" : "1990-10-01",
  "healthProfile" : {
    "measureType" : [ {
      "mid" : 2,
      "created" : "2014-05-10",
      "measure" : "weight",
      "value" : 86.0
    }, {
      "mid" : 3,
      "created" : "2012-08-13",
      "measure" : "height",
      "value" : 180.0
    } ]
  }
}, {
  "idPerson" : 2,
  "firstname" : "James",
  "lastname" : "Bond",
  "birthdate" : "2001-01-10",
  "healthProfile" : {
    "measureType" : [ {
      "mid" : 4,
      "created" : "2013-12-29",
      "measure" : "weight",
      "value" : 90.0
    }, {
      "mid" : 6,
      "created" : "2015-06-19",
      "measure" : "height",
      "value" : 172.0
    } ]
  }
}, {
  "idPerson" : 3,
  "firstname" : "Udoka",
  "lastname" : "Matthew",
  "birthdate" : "1987-11-17",
  "healthProfile" : {
    "measureType" : [ {
      "mid" : 7,
      "created" : "2014-10-18",
      "measure" : "weight",
      "value" : 72.0
    }, {
      "mid" : 8,
      "created" : "2015-09-09",
      "measure" : "height",
      "value" : 180.0
    } ]
  }
}, {
  "idPerson" : 4,
  "firstname" : "Dede ",
  "lastname" : "Paul",
  "birthdate" : "1980-12-11",
  "healthProfile" : {
    "measureType" : [ {
      "mid" : 9,
      "created" : "2015-11-19",
      "measure" : "weight",
      "value" : 76.0
    } ]
  }
}, {
  "idPerson" : 5,
  "firstname" : "Joshua",
  "lastname" : "Okonkow",
  "birthdate" : "1985-01-25",
  "healthProfile" : {
    "measureType" : [ {
      "mid" : 11,
      "created" : "2015-07-11",
      "measure" : "weight",
      "value" : 65.0
    } ]
  }
}, {
  "idPerson" : 6,
  "firstname" : "Ada",
  "lastname" : "Adanma",
  "birthdate" : "1992-02-20",
  "healthProfile" : {
    "measureType" : [ {
      "mid" : 12,
      "created" : "2015-09-10",
      "measure" : "height",
      "value" : 190.0
    } ]
  }
}, {
  "idPerson" : 7,
  "firstname" : "Tony",
  "lastname" : "Cool",
  "birthdate" : "1978-09-02",
  "healthProfile" : {
    "measureType" : [ {
      "mid" : 13,
      "created" : "2015-03-26",
      "measure" : "height",
      "value" : 202.0
    }, {
      "mid" : 14,
      "created" : "2014-12-12",
      "measure" : "weight",
      "value" : 110.0
    } ]
  }
} ]

Request #2: GET /person/1 Accept: APPLICATION/JSON Content-type: APPLICATION/JSON
=> Result: OK
=> HTTP Status: 200
{
  "idPerson" : 1,
  "firstname" : "Goodlucky",
  "lastname" : "Nicolai",
  "birthdate" : "1990-10-01",
  "healthProfile" : {
    "measureType" : [ {
      "mid" : 2,
      "created" : "2014-05-10",
      "measure" : "weight",
      "value" : 86.0
    }, {
      "mid" : 3,
      "created" : "2012-08-13",
      "measure" : "height",
      "value" : 180.0
    } ]
  }
}

Request #3: PUT /person/1 Accept: APPLICATION/JSON Content-type: APPLICATION/JSON
=> Result: OK
=> HTTP Status: 200
{
  "idPerson" : 1,
  "firstname" : "Goodlucky",
  "lastname" : "Nicolai",
  "birthdate" : "1990-10-01",
  "healthProfile" : {
    "measureType" : [ {
      "mid" : 2,
      "created" : "2014-05-10",
      "measure" : "weight",
      "value" : 86.0
    }, {
      "mid" : 3,
      "created" : "2012-08-13",
      "measure" : "height",
      "value" : 180.0
    } ]
  }
}

Request #4: POST /person Accept: APPLICATION/JSON Content-type: APPLICATION/JSON
=> Result: OK
=> HTTP Status: 200
{
  "idPerson" : 24,
  "firstname" : "Chuck",
  "lastname" : "Norris",
  "birthdate" : "1945-01-01",
  "healthProfile" : {
    "measureType" : [ {
      "mid" : 59,
      "created" : "2016-11-29",
      "measure" : "weight",
      "value" : 78.9
    }, {
      "mid" : 60,
      "created" : "2016-11-29",
      "measure" : "height",
      "value" : 172.0
    } ]
  }
}

Request #5: DELETE /person/24 Accept: APPLICATION/JSON Content-type: NULL
=> Result: OK
=> HTTP Status: 204
Request: GET /person/24: 
=> HTTP Status: 404

Request #9: GET /measureTypes Accept: APPLICATION/JSON Content-type: APPLICATION/JSON
=> Result: OK
=> HTTP Status: 200
[ {
  "measureName" : "weight"
}, {
  "measureName" : "height"
}, {
  "measureName" : "steps"
} ]

Request #6: GET /person/1/weight;/person/1/height;/person/1/steps;/person/7/weight;/person/7/height;/person/7/steps; Accept: APPLICATION/JSON Content-type: APPLICATION/JSON
=> Result: OK
=> HTTP Status: 200
[ {
  "mid" : 1,
  "created" : "2010-02-15",
  "measure" : "weight",
  "value" : 90.0
}, {
  "mid" : 2,
  "created" : "2014-05-10",
  "measure" : "weight",
  "value" : 86.0
}, {
  "mid" : 19,
  "created" : "2011-12-09",
  "measure" : "weight",
  "value" : 90.0
}, {
  "mid" : 20,
  "created" : "2011-12-09",
  "measure" : "weight",
  "value" : 90.0
}, {
  "mid" : 25,
  "created" : "2011-12-09",
  "measure" : "weight",
  "value" : 90.0
}, {
  "mid" : 26,
  "created" : "2011-12-09",
  "measure" : "weight",
  "value" : 90.0
}, {
  "mid" : 31,
  "created" : "2011-12-09",
  "measure" : "weight",
  "value" : 90.0
}, {
  "mid" : 32,
  "created" : "2011-12-09",
  "measure" : "weight",
  "value" : 90.0
}, {
  "mid" : 37,
  "created" : "2011-12-09",
  "measure" : "weight",
  "value" : 90.0
}, {
  "mid" : 38,
  "created" : "2011-12-09",
  "measure" : "weight",
  "value" : 90.0
}, {
  "mid" : 43,
  "created" : "2011-12-09",
  "measure" : "weight",
  "value" : 90.0
}, {
  "mid" : 44,
  "created" : "2011-12-09",
  "measure" : "weight",
  "value" : 90.0
}, {
  "mid" : 49,
  "created" : "2011-12-09",
  "measure" : "weight",
  "value" : 90.0
}, {
  "mid" : 50,
  "created" : "2011-12-09",
  "measure" : "weight",
  "value" : 90.0
}, {
  "mid" : 55,
  "created" : "2011-12-09",
  "measure" : "weight",
  "value" : 90.0
}, {
  "mid" : 56,
  "created" : "2011-12-09",
  "measure" : "weight",
  "value" : 90.0
} ][ {
  "mid" : 3,
  "created" : "2012-08-13",
  "measure" : "height",
  "value" : 180.0
} ][ {
  "mid" : 14,
  "created" : "2014-12-12",
  "measure" : "weight",
  "value" : 110.0
} ][ {
  "mid" : 13,
  "created" : "2015-03-26",
  "measure" : "height",
  "value" : 202.0
} ]

Request #7: GET /person/1/weight/1 Accept: APPLICATION/JSON Content-type: APPLICATION/JSON
=> Result: OK
=> HTTP Status: 200
{
  "mid" : 1,
  "created" : "2010-02-15",
  "measure" : "weight",
  "value" : 90.0
}

Request #8: POST /person/1/weight Accept: APPLICATION/JSON Content-type: APPLICATION/JSON
=> Result: OK
=> HTTP Status: 200
{
  "mid" : 62,
  "created" : "2011-12-09",
  "measure" : "weight",
  "value" : 72.0
}

Request #10: PUT /person/1/weight/62 Accept: APPLICATION/JSON Content-type: APPLICATION/JSON
=> Result: OK
=> HTTP Status: 200
{
  "mid" : 62,
  "created" : "2011-12-09",
  "measure" : "weight",
  "value" : 90.0
}

Request #11: GET /person/2/height?before=2015-10-10&after=2014-12-30 Accept: APPLICATION/JSON Content-type: APPLICATION/JSON
=> Result: OK
=> HTTP Status: 200
[ {
  "mid" : 5,
  "created" : "2015-01-06",
  "measure" : "height",
  "value" : 170.0
}, {
  "mid" : 6,
  "created" : "2015-06-19",
  "measure" : "height",
  "value" : 172.0
} ]

Request #12: GET /person?measureType=weight&max=88&min=75 Accept: APPLICATION/JSON Content-type: APPLICATION/JSON
=> Result: OK
=> HTTP Status: 200
[ {
  "idPerson" : 1,
  "firstname" : "Goodlucky",
  "lastname" : "Nicolai",
  "birthdate" : "1990-10-01",
  "healthProfile" : {
    "measureType" : [ {
      "mid" : 2,
      "created" : "2014-05-10",
      "measure" : "weight",
      "value" : 86.0
    }, {
      "mid" : 3,
      "created" : "2012-08-13",
      "measure" : "height",
      "value" : 180.0
    } ]
  }
}, {
  "idPerson" : 4,
  "firstname" : "Dede ",
  "lastname" : "Paul",
  "birthdate" : "1980-12-11",
  "healthProfile" : {
    "measureType" : [ {
      "mid" : 9,
      "created" : "2015-11-19",
      "measure" : "weight",
      "value" : 76.0
    } ]
  }
} ]
